{"numTotalTestSuites":4,"numPassedTestSuites":4,"numFailedTestSuites":0,"numPendingTestSuites":0,"numTotalTests":24,"numPassedTests":11,"numFailedTests":0,"numPendingTests":13,"numTodoTests":0,"snapshot":{"added":0,"failure":false,"filesAdded":0,"filesRemoved":0,"filesRemovedList":[],"filesUnmatched":0,"filesUpdated":0,"matched":0,"total":0,"unchecked":0,"uncheckedKeysByFile":[],"unmatched":0,"updated":0,"didUpdate":false},"startTime":1788179850060,"success":true,"testResults":[{"assertionResults":[{"ancestorTitles":["'cn-provincial-divisions' launch content"],"fullName":"'cn-provincial-divisions' launch content contains all four immutable resources","status":"skipped","title":"contains all four immutable resources","failureMessages":[],"meta":{},"tags":[]},{"ancestorTitles":["'cn-provincial-divisions' launch content"],"fullName":"'cn-provincial-divisions' launch content loads the exact region roster, bilingual entities, and language","status":"skipped","title":"loads the exact region roster, bilingual entities, and language","failureMessages":[],"meta":{},"tags":[]},{"ancestorTitles":["'cn-provincial-divisions' launch content"],"fullName":"'cn-provincial-divisions' launch content passes real geometry, parent-point, source-ledger and checksum validation","status":"skipped","title":"passes real geometry, parent-point, source-ledger and checksum validation","failureMessages":[],"meta":{},"tags":[]},{"ancestorTitles":["'cn-provincial-divisions' launch content"],"fullName":"'cn-provincial-divisions' launch content renders finite paths with small-area winding rather than whole-world complements","status":"skipped","title":"renders finite paths with small-area winding rather than whole-world complements","failureMessages":[],"meta":{},"tags":[]},{"ancestorTitles":["'cn-provincial-divisions' launch content"],"fullName":"'cn-provincial-divisions' launch content generates every declared entity capability at choice and text stages","status":"skipped","title":"generates every declared entity capability at choice and text stages","failureMessages":[],"meta":{},"tags":[]},{"ancestorTitles":["'cn-provincial-divisions' launch content"],"fullName":"'cn-provincial-divisions' launch content validates twice without changing any of the four content hashes","status":"skipped","title":"validates twice without changing any of the four content hashes","failureMessages":[],"meta":{},"tags":[]},{"ancestorTitles":["'cn-shanghai-districts' launch content"],"fullName":"'cn-shanghai-districts' launch content contains all four immutable resources","status":"skipped","title":"contains all four immutable resources","failureMessages":[],"meta":{},"tags":[]},{"ancestorTitles":["'cn-shanghai-districts' launch content"],"fullName":"'cn-shanghai-districts' launch content loads the exact region roster, bilingual entities, and language","status":"skipped","title":"loads the exact region roster, bilingual entities, and language","failureMessages":[],"meta":{},"tags":[]},{"ancestorTitles":["'cn-shanghai-districts' launch content"],"fullName":"'cn-shanghai-districts' launch content passes real geometry, parent-point, source-ledger and checksum validation","status":"skipped","title":"passes real geometry, parent-point, source-ledger and checksum validation","failureMessages":[],"meta":{},"tags":[]},{"ancestorTitles":["'cn-shanghai-districts' launch content"],"fullName":"'cn-shanghai-districts' launch content renders finite paths with small-area winding rather than whole-world complements","status":"skipped","title":"renders finite paths with small-area winding rather than whole-world complements","failureMessages":[],"meta":{},"tags":[]},{"ancestorTitles":["'cn-shanghai-districts' launch content"],"fullName":"'cn-shanghai-districts' launch content generates every declared entity capability at choice and text stages","status":"skipped","title":"generates every declared entity capability at choice and text stages","failureMessages":[],"meta":{},"tags":[]},{"ancestorTitles":["'cn-shanghai-districts' launch content"],"fullName":"'cn-shanghai-districts' launch content validates twice without changing any of the four content hashes","status":"skipped","title":"validates twice without changing any of the four content hashes","failureMessages":[],"meta":{},"tags":[]},{"ancestorTitles":["'us-states' launch content"],"fullName":"'us-states' launch content contains all four immutable resources","status":"passed","title":"contains all four immutable resources","duration":3.48599999999999,"failureMessages":[],"meta":{},"tags":[]},{"ancestorTitles":["'us-states' launch content"],"fullName":"'us-states' launch content loads the exact region roster, bilingual entities, and language","status":"passed","title":"loads the exact region roster, bilingual entities, and language","duration":25.37080000000003,"failureMessages":[],"meta":{},"tags":[]},{"ancestorTitles":["'us-states' launch content"],"fullName":"'us-states' launch content passes real geometry, parent-point, source-ledger and checksum validation","status":"passed","title":"passes real geometry, parent-point, source-ledger and checksum validation","duration":78.5666,"failureMessages":[],"meta":{},"tags":[]},{"ancestorTitles":["'us-states' launch content"],"fullName":"'us-states' launch content renders finite paths with small-area winding rather than whole-world complements","status":"passed","title":"renders finite paths with small-area winding rather than whole-world complements","duration":109.76729999999998,"failureMessages":[],"meta":{},"tags":[]},{"ancestorTitles":["'us-states' launch content"],"fullName":"'us-states' launch content generates every declared entity capability at choice and text stages","status":"passed","title":"generates every declared entity capability at choice and text stages","duration":92.55000000000007,"failureMessages":[],"meta":{},"tags":[]},{"ancestorTitles":["'us-states' launch content"],"fullName":"'us-states' launch content validates twice without changing any of the four content hashes","status":"passed","title":"validates twice without changing any of the four content hashes","duration":113.51009999999997,"failureMessages":[],"meta":{},"tags":[]},{"ancestorTitles":[],"fullName":"keeps China and Shanghai development-only without invented capital/place capabilities","status":"skipped","title":"keeps China and Shanghai development-only without invented capital/place capabilities","failureMessages":[],"meta":{},"tags":[]},{"ancestorTitles":[],"fullName":"has all 50 real US capital relationships, authoritative points, and postal aliases","status":"passed","title":"has all 50 real US capital relationships, authoritative points, and postal aliases","duration":11.388900000000035,"failureMessages":[],"meta":{},"tags":[]},{"ancestorTitles":[],"fullName":"us-states keeps runtime capital points bound to the retained source audit","status":"passed","title":"us-states keeps runtime capital points bound to the retained source audit","duration":7.628200000000106,"failureMessages":[],"meta":{},"tags":[]},{"ancestorTitles":[],"fullName":"us-states generates 500 correctly presented questions and accepts sourced names and aliases","status":"passed","title":"us-states generates 500 correctly presented questions and accepts sourced names and aliases","duration":102.76689999999985,"failureMessages":[],"meta":{},"tags":[]},{"ancestorTitles":[],"fullName":"us-states CLI verifies without adding installable scratch files and cleans its external scratch","status":"passed","title":"us-states CLI verifies without adding installable scratch files and cleans its external scratch","duration":5026.9249,"failureMessages":[],"meta":{},"tags":[]},{"ancestorTitles":[],"fullName":"us-states source verification rejects changed originals, changed point audit, and unsafe source paths","status":"passed","title":"us-states source verification rejects changed originals, changed point audit, and unsafe source paths","duration":71.60810000000038,"failureMessages":[],"meta":{},"tags":[]}],"startTime":1788179850692,"endTime":1788179856336.6082,"status":"passed","message":"","name":"C:/Users/Kevin/Documents/ChatGPT/地理学习软件/.superpowers/worktrees/codex-v1-launch-packs/scripts/content/launch-packs.test.ts"}]}