{"numTotalTestSuites":4,"numPassedTestSuites":4,"numFailedTestSuites":0,"numPendingTestSuites":0,"numTotalTests":22,"numPassedTests":9,"numFailedTests":0,"numPendingTests":13,"numTodoTests":0,"snapshot":{"added":0,"failure":false,"filesAdded":0,"filesRemoved":0,"filesRemovedList":[],"filesUnmatched":0,"filesUpdated":0,"matched":0,"total":0,"unchecked":0,"uncheckedKeysByFile":[],"unmatched":0,"updated":0,"didUpdate":false},"startTime":1788172348056,"success":true,"testResults":[{"assertionResults":[{"ancestorTitles":["'cn-provincial-divisions' launch content"],"fullName":"'cn-provincial-divisions' launch content contains all four immutable resources","status":"skipped","title":"contains all four immutable resources","failureMessages":[],"meta":{},"tags":[]},{"ancestorTitles":["'cn-provincial-divisions' launch content"],"fullName":"'cn-provincial-divisions' launch content loads the exact region roster, bilingual entities, and language","status":"skipped","title":"loads the exact region roster, bilingual entities, and language","failureMessages":[],"meta":{},"tags":[]},{"ancestorTitles":["'cn-provincial-divisions' launch content"],"fullName":"'cn-provincial-divisions' launch content passes real geometry, parent-point, source-ledger and checksum validation","status":"skipped","title":"passes real geometry, parent-point, source-ledger and checksum validation","failureMessages":[],"meta":{},"tags":[]},{"ancestorTitles":["'cn-provincial-divisions' launch content"],"fullName":"'cn-provincial-divisions' launch content renders finite paths with small-area winding rather than whole-world complements","status":"skipped","title":"renders finite paths with small-area winding rather than whole-world complements","failureMessages":[],"meta":{},"tags":[]},{"ancestorTitles":["'cn-provincial-divisions' launch content"],"fullName":"'cn-provincial-divisions' launch content generates every declared entity capability at choice and text stages","status":"skipped","title":"generates every declared entity capability at choice and text stages","failureMessages":[],"meta":{},"tags":[]},{"ancestorTitles":["'cn-provincial-divisions' launch content"],"fullName":"'cn-provincial-divisions' launch content validates twice without changing any of the four content hashes","status":"skipped","title":"validates twice without changing any of the four content hashes","failureMessages":[],"meta":{},"tags":[]},{"ancestorTitles":["'cn-shanghai-districts' launch content"],"fullName":"'cn-shanghai-districts' launch content contains all four immutable resources","status":"skipped","title":"contains all four immutable resources","failureMessages":[],"meta":{},"tags":[]},{"ancestorTitles":["'cn-shanghai-districts' launch content"],"fullName":"'cn-shanghai-districts' launch content loads the exact region roster, bilingual entities, and language","status":"skipped","title":"loads the exact region roster, bilingual entities, and language","failureMessages":[],"meta":{},"tags":[]},{"ancestorTitles":["'cn-shanghai-districts' launch content"],"fullName":"'cn-shanghai-districts' launch content passes real geometry, parent-point, source-ledger and checksum validation","status":"skipped","title":"passes real geometry, parent-point, source-ledger and checksum validation","failureMessages":[],"meta":{},"tags":[]},{"ancestorTitles":["'cn-shanghai-districts' launch content"],"fullName":"'cn-shanghai-districts' launch content renders finite paths with small-area winding rather than whole-world complements","status":"skipped","title":"renders finite paths with small-area winding rather than whole-world complements","failureMessages":[],"meta":{},"tags":[]},{"ancestorTitles":["'cn-shanghai-districts' launch content"],"fullName":"'cn-shanghai-districts' launch content generates every declared entity capability at choice and text stages","status":"skipped","title":"generates every declared entity capability at choice and text stages","failureMessages":[],"meta":{},"tags":[]},{"ancestorTitles":["'cn-shanghai-districts' launch content"],"fullName":"'cn-shanghai-districts' launch content validates twice without changing any of the four content hashes","status":"skipped","title":"validates twice without changing any of the four content hashes","failureMessages":[],"meta":{},"tags":[]},{"ancestorTitles":["'us-states' launch content"],"fullName":"'us-states' launch content contains all four immutable resources","status":"passed","title":"contains all four immutable resources","duration":2.65319999999997,"failureMessages":[],"meta":{},"tags":[]},{"ancestorTitles":["'us-states' launch content"],"fullName":"'us-states' launch content loads the exact region roster, bilingual entities, and language","status":"passed","title":"loads the exact region roster, bilingual entities, and language","duration":22.21169999999995,"failureMessages":[],"meta":{},"tags":[]},{"ancestorTitles":["'us-states' launch content"],"fullName":"'us-states' launch content passes real geometry, parent-point, source-ledger and checksum validation","status":"passed","title":"passes real geometry, parent-point, source-ledger and checksum validation","duration":80.53549999999996,"failureMessages":[],"meta":{},"tags":[]},{"ancestorTitles":["'us-states' launch content"],"fullName":"'us-states' launch content renders finite paths with small-area winding rather than whole-world complements","status":"passed","title":"renders finite paths with small-area winding rather than whole-world complements","duration":112.0892,"failureMessages":[],"meta":{},"tags":[]},{"ancestorTitles":["'us-states' launch content"],"fullName":"'us-states' launch content generates every declared entity capability at choice and text stages","status":"passed","title":"generates every declared entity capability at choice and text stages","duration":90.04340000000002,"failureMessages":[],"meta":{},"tags":[]},{"ancestorTitles":["'us-states' launch content"],"fullName":"'us-states' launch content validates twice without changing any of the four content hashes","status":"passed","title":"validates twice without changing any of the four content hashes","duration":147.41869999999994,"failureMessages":[],"meta":{},"tags":[]},{"ancestorTitles":[],"fullName":"keeps China and Shanghai development-only without invented capital/place capabilities","status":"skipped","title":"keeps China and Shanghai development-only without invented capital/place capabilities","failureMessages":[],"meta":{},"tags":[]},{"ancestorTitles":[],"fullName":"has all 50 real US capital relationships, authoritative points, and postal aliases","status":"passed","title":"has all 50 real US capital relationships, authoritative points, and postal aliases","duration":15.059200000000033,"failureMessages":[],"meta":{},"tags":[]},{"ancestorTitles":[],"fullName":"us-states keeps runtime capital points bound to the retained source audit","status":"passed","title":"us-states keeps runtime capital points bound to the retained source audit","duration":7.502299999999991,"failureMessages":[],"meta":{},"tags":[]},{"ancestorTitles":[],"fullName":"us-states generates 500 correctly presented questions and accepts sourced names and aliases","status":"passed","title":"us-states generates 500 correctly presented questions and accepts sourced names and aliases","duration":84.4962999999999,"failureMessages":[],"meta":{},"tags":[]}],"startTime":1788172348634,"endTime":1788172349196.4963,"status":"passed","message":"","name":"C:/Users/Kevin/Documents/ChatGPT/地理学习软件/.superpowers/worktrees/codex-v1-launch-packs/scripts/content/launch-packs.test.ts"}]}